# JRE version: OpenJDK Runtime Environment (8.0_112-b06) (build 1.8.0_112-release-b06)
# Java VM: OpenJDK 64-Bit Server VM (25.112-b06 mixed mode windows-amd64 compressed oops)
Heap:
 PSYoungGen      total 144896K, used 114339K [0x00000000e0000000, 0x00000000ea780000, 0x0000000100000000)
  eden space 131584K, 76% used [0x00000000e0000000,0x00000000e62b0d78,0x00000000e8080000)
  from space 13312K, 99% used [0x00000000e9180000,0x00000000e9e781f8,0x00000000e9e80000)
  to   space 17408K, 0% used [0x00000000e8080000,0x00000000e8080000,0x00000000e9180000)
 ParOldGen       total 90624K, used 23972K [0x00000000a0000000, 0x00000000a5880000, 0x00000000e0000000)
  object space 90624K, 26% used [0x00000000a0000000,0x00000000a1769388,0x00000000a5880000)
 Metaspace       used 53482K, capacity 55814K, committed 55936K, reserved 1097728K
  class space    used 7303K, capacity 7794K, committed 7808K, reserved 1048576K
GC Heap History (10 events):
Event: 21.450 GC heap before
{Heap before GC invocations=10 (full 1):
 PSYoungGen      total 79872K, used 21622K [0x00000000e0000000, 0x00000000e5a80000, 0x0000000100000000)
  eden space 69632K, 17% used [0x00000000e0000000,0x00000000e0b94ea0,0x00000000e4400000)
  from space 10240K, 95% used [0x00000000e5080000,0x00000000e5a08b78,0x00000000e5a80000)
  to   space 11264K, 0% used [0x00000000e4480000,0x00000000e4480000,0x00000000e4f80000)
 ParOldGen       total 69120K, used 9397K [0x00000000a0000000, 0x00000000a4380000, 0x00000000e0000000)
  object space 69120K, 13% used [0x00000000a0000000,0x00000000a092d620,0x00000000a4380000)
 Metaspace       used 34594K, capacity 35366K, committed 35416K, reserved 1079296K
  class space    used 4666K, capacity 4854K, committed 4864K, reserved 1048576K
Event: 21.460 GC heap after
Heap after GC invocations=10 (full 1):
 PSYoungGen      total 81408K, used 8039K [0x00000000e0000000, 0x00000000e7800000, 0x0000000100000000)
  eden space 70144K, 0% used [0x00000000e0000000,0x00000000e0000000,0x00000000e4480000)
  from space 11264K, 71% used [0x00000000e4480000,0x00000000e4c59ec8,0x00000000e4f80000)
  to   space 11264K, 0% used [0x00000000e6d00000,0x00000000e6d00000,0x00000000e7800000)
 ParOldGen       total 69120K, used 9405K [0x00000000a0000000, 0x00000000a4380000, 0x00000000e0000000)
  object space 69120K, 13% used [0x00000000a0000000,0x00000000a092f620,0x00000000a4380000)
 Metaspace       used 34594K, capacity 35366K, committed 35416K, reserved 1079296K
  class space    used 4666K, capacity 4854K, committed 4864K, reserved 1048576K
}
Event: 21.460 GC heap before
{Heap before GC invocations=11 (full 2):
 PSYoungGen      total 81408K, used 8039K [0x00000000e0000000, 0x00000000e7800000, 0x0000000100000000)
  eden space 70144K, 0% used [0x00000000e0000000,0x00000000e0000000,0x00000000e4480000)
  from space 11264K, 71% used [0x00000000e4480000,0x00000000e4c59ec8,0x00000000e4f80000)
  to   space 11264K, 0% used [0x00000000e6d00000,0x00000000e6d00000,0x00000000e7800000)
 ParOldGen       total 69120K, used 9405K [0x00000000a0000000, 0x00000000a4380000, 0x00000000e0000000)
  object space 69120K, 13% used [0x00000000a0000000,0x00000000a092f620,0x00000000a4380000)
 Metaspace       used 34594K, capacity 35366K, committed 35416K, reserved 1079296K
  class space    used 4666K, capacity 4854K, committed 4864K, reserved 1048576K
Event: 21.549 GC heap after
Heap after GC invocations=11 (full 2):
 PSYoungGen      total 81408K, used 0K [0x00000000e0000000, 0x00000000e7800000, 0x0000000100000000)
  eden space 70144K, 0% used [0x00000000e0000000,0x00000000e0000000,0x00000000e4480000)
  from space 11264K, 0% used [0x00000000e4480000,0x00000000e4480000,0x00000000e4f80000)
  to   space 11264K, 0% used [0x00000000e6d00000,0x00000000e6d00000,0x00000000e7800000)
 ParOldGen       total 90624K, used 14498K [0x00000000a0000000, 0x00000000a5880000, 0x00000000e0000000)
  object space 90624K, 15% used [0x00000000a0000000,0x00000000a0e28958,0x00000000a5880000)
 Metaspace       used 34594K, capacity 35366K, committed 35416K, reserved 1079296K
  class space    used 4666K, capacity 4854K, committed 4864K, reserved 1048576K
}
Event: 22.381 GC heap before
{Heap before GC invocations=12 (full 2):
 PSYoungGen      total 81408K, used 70144K [0x00000000e0000000, 0x00000000e7800000, 0x0000000100000000)
  eden space 70144K, 100% used [0x00000000e0000000,0x00000000e4480000,0x00000000e4480000)
  from space 11264K, 0% used [0x00000000e4480000,0x00000000e4480000,0x00000000e4f80000)
  to   space 11264K, 0% used [0x00000000e6d00000,0x00000000e6d00000,0x00000000e7800000)
 ParOldGen       total 90624K, used 14498K [0x00000000a0000000, 0x00000000a5880000, 0x00000000e0000000)
  object space 90624K, 15% used [0x00000000a0000000,0x00000000a0e28958,0x00000000a5880000)
 Metaspace       used 37923K, capacity 38736K, committed 38912K, reserved 1083392K
  class space    used 5082K, capacity 5301K, committed 5376K, reserved 1048576K
Event: 22.394 GC heap after
Heap after GC invocations=12 (full 2):
 PSYoungGen      total 107520K, used 7574K [0x00000000e0000000, 0x00000000e7600000, 0x0000000100000000)
  eden space 98304K, 0% used [0x00000000e0000000,0x00000000e0000000,0x00000000e6000000)
  from space 9216K, 82% used [0x00000000e6d00000,0x00000000e7465b60,0x00000000e7600000)
  to   space 11264K, 0% used [0x00000000e6000000,0x00000000e6000000,0x00000000e6b00000)
 ParOldGen       total 90624K, used 14506K [0x00000000a0000000, 0x00000000a5880000, 0x00000000e0000000)
  object space 90624K, 16% used [0x00000000a0000000,0x00000000a0e2a958,0x00000000a5880000)
 Metaspace       used 37923K, capacity 38736K, committed 38912K, reserved 1083392K
  class space    used 5082K, capacity 5301K, committed 5376K, reserved 1048576K
}
Event: 24.875 GC heap before
{Heap before GC invocations=13 (full 2):
 PSYoungGen      total 107520K, used 105878K [0x00000000e0000000, 0x00000000e7600000, 0x0000000100000000)
  eden space 98304K, 100% used [0x00000000e0000000,0x00000000e6000000,0x00000000e6000000)
  from space 9216K, 82% used [0x00000000e6d00000,0x00000000e7465b60,0x00000000e7600000)
  to   space 11264K, 0% used [0x00000000e6000000,0x00000000e6000000,0x00000000e6b00000)
 ParOldGen       total 90624K, used 14506K [0x00000000a0000000, 0x00000000a5880000, 0x00000000e0000000)
  object space 90624K, 16% used [0x00000000a0000000,0x00000000a0e2a958,0x00000000a5880000)
 Metaspace       used 45156K, capacity 46370K, committed 46592K, reserved 1089536K
  class space    used 6078K, capacity 6387K, committed 6400K, reserved 1048576K
Event: 24.895 GC heap after
Heap after GC invocations=13 (full 2):
 PSYoungGen      total 109568K, used 11233K [0x00000000e0000000, 0x00000000e9e80000, 0x0000000100000000)
  eden space 98304K, 0% used [0x00000000e0000000,0x00000000e0000000,0x00000000e6000000)
  from space 11264K, 99% used [0x00000000e6000000,0x00000000e6af8610,0x00000000e6b00000)
  to   space 13312K, 0% used [0x00000000e9180000,0x00000000e9180000,0x00000000e9e80000)
 ParOldGen       total 90624K, used 16954K [0x00000000a0000000, 0x00000000a5880000, 0x00000000e0000000)
  object space 90624K, 18% used [0x00000000a0000000,0x00000000a108ea88,0x00000000a5880000)
 Metaspace       used 45156K, capacity 46370K, committed 46592K, reserved 1089536K
  class space    used 6078K, capacity 6387K, committed 6400K, reserved 1048576K
}
Event: 27.052 GC heap before
{Heap before GC invocations=14 (full 2):
 PSYoungGen      total 109568K, used 109537K [0x00000000e0000000, 0x00000000e9e80000, 0x0000000100000000)
  eden space 98304K, 100% used [0x00000000e0000000,0x00000000e6000000,0x00000000e6000000)
  from space 11264K, 99% used [0x00000000e6000000,0x00000000e6af8610,0x00000000e6b00000)
  to   space 13312K, 0% used [0x00000000e9180000,0x00000000e9180000,0x00000000e9e80000)
 ParOldGen       total 90624K, used 16954K [0x00000000a0000000, 0x00000000a5880000, 0x00000000e0000000)
  object space 90624K, 18% used [0x00000000a0000000,0x00000000a108ea88,0x00000000a5880000)
 Metaspace       used 49560K, capacity 51164K, committed 51328K, reserved 1093632K
  class space    used 6787K, capacity 7204K, committed 7296K, reserved 1048576K
Event: 27.102 GC heap after
Heap after GC invocations=14 (full 2):
 PSYoungGen      total 144896K, used 13280K [0x00000000e0000000, 0x00000000ea780000, 0x0000000100000000)
  eden space 131584K, 0% used [0x00000000e0000000,0x00000000e0000000,0x00000000e8080000)
  from space 13312K, 99% used [0x00000000e9180000,0x00000000e9e781f8,0x00000000e9e80000)
  to   space 17408K, 0% used [0x00000000e8080000,0x00000000e8080000,0x00000000e9180000)
 ParOldGen       total 90624K, used 23972K [0x00000000a0000000, 0x00000000a5880000, 0x00000000e0000000)
  object space 90624K, 26% used [0x00000000a0000000,0x00000000a1769388,0x00000000a5880000)
 Metaspace       used 49560K, capacity 51164K, committed 51328K, reserved 1093632K
  class space    used 6787K, capacity 7204K, committed 7296K, reserved 1048576K
}

